<?xml version="1.0" encoding="UTF-8"?>
<!-- Generated by org.testng.reporters.JUnitXMLReporter -->
<testsuite ignored="4" hostname="LAPTOP-1E5DVH6K" failures="1" tests="2" name=" InitiateEmployees" time="87.175" errors="0" timestamp="2022-09-01T20:20:04 IST">
  <testcase classname="Onboard.Loginpage" name="LOGIN" time="0.38"/>
  <testcase classname="Onboard.AddOB" name="ADDINGEMPLOYEE" time="85.538">
    <failure type="org.openqa.selenium.NoSuchElementException" message="Cannot locate option with text: 
For documentation on this error, please visit: https://selenium.dev/exceptions/#no_such_element
Build info: version: &amp;apos;4.1.3&amp;apos;, revision: &amp;apos;7b1ebf28ef&amp;apos;
System info: host: &amp;apos;LAPTOP-1E5DVH6K&amp;apos;, ip: &amp;apos;192.168.0.186&amp;apos;, os.name: &amp;apos;Windows 11&amp;apos;, os.arch: &amp;apos;amd64&amp;apos;, os.version: &amp;apos;10.0&amp;apos;, java.version: &amp;apos;18.0.2.1&amp;apos;
Driver info: driver.version: unknown">
      <![CDATA[org.openqa.selenium.NoSuchElementException: Cannot locate option with text: 
For documentation on this error, please visit: https://selenium.dev/exceptions/#no_such_element
Build info: version: '4.1.3', revision: '7b1ebf28ef'
System info: host: 'LAPTOP-1E5DVH6K', ip: '192.168.0.186', os.name: 'Windows 11', os.arch: 'amd64', os.version: '10.0', java.version: '18.0.2.1'
Driver info: driver.version: unknown
at org.openqa.selenium.support.ui.Select.selectByVisibleText(Select.java:151)
at Onboard.AddOB.ADDINGEMPLOYEE(AddOB.java:141)
at java.base/java.util.ArrayList.forEach(ArrayList.java:1511)
... Removed 28 stack frames]]>
    </failure>
  </testcase> <!-- ADDINGEMPLOYEE -->
  <testcase classname="BaseFunctions.Setup" name="@BeforeTest setextent" time="0.0">
    <ignored/>
  </testcase> <!-- @BeforeTest setextent -->
  <testcase classname="BaseFunctions.Setup" name="@AfterTest EndReport" time="0.0">
    <ignored/>
  </testcase> <!-- @AfterTest EndReport -->
  <testcase classname="BaseFunctions.Setup" name="@BeforeSuite Startbrowser" time="0.0">
    <ignored/>
  </testcase> <!-- @BeforeSuite Startbrowser -->
  <testcase classname="BaseFunctions.Setup" name="@AfterSuite teardown" time="0.0">
    <ignored/>
  </testcase> <!-- @AfterSuite teardown -->
</testsuite> <!--  InitiateEmployees -->
