<?xml version="1.0" encoding="UTF-8"?>
<testng-results ignored="4" total="6" passed="1" failed="1" skipped="0">
  <reporter-output>
  </reporter-output>
  <suite started-at="2022-09-01T20:18:37 IST" name="Onboarding" finished-at="2022-09-01T20:20:04 IST" duration-ms="87175">
    <groups>
    </groups>
    <test started-at="2022-09-01T20:18:37 IST" name=" InitiateEmployees" finished-at="2022-09-01T20:20:04 IST" duration-ms="87175">
      <class name="Onboard.AddOB">
        <test-method signature="ADDINGEMPLOYEE()[pri:0, instance:Onboard.AddOB@12e61fe6]" started-at="2022-09-01T20:18:38 IST" name="ADDINGEMPLOYEE" finished-at="2022-09-01T20:20:03 IST" duration-ms="85538" status="FAIL">
          <exception class="org.openqa.selenium.NoSuchElementException">
            <message>
              <![CDATA[Cannot locate option with text: 
For documentation on this error, please visit: https://selenium.dev/exceptions/#no_such_element
Build info: version: '4.1.3', revision: '7b1ebf28ef'
System info: host: 'LAPTOP-1E5DVH6K', ip: '192.168.0.186', os.name: 'Windows 11', os.arch: 'amd64', os.version: '10.0', java.version: '18.0.2.1'
Driver info: driver.version: unknown]]>
            </message>
            <full-stacktrace>
              <![CDATA[org.openqa.selenium.NoSuchElementException: Cannot locate option with text: 
For documentation on this error, please visit: https://selenium.dev/exceptions/#no_such_element
Build info: version: '4.1.3', revision: '7b1ebf28ef'
System info: host: 'LAPTOP-1E5DVH6K', ip: '192.168.0.186', os.name: 'Windows 11', os.arch: 'amd64', os.version: '10.0', java.version: '18.0.2.1'
Driver info: driver.version: unknown
at org.openqa.selenium.support.ui.Select.selectByVisibleText(Select.java:151)
at Onboard.AddOB.ADDINGEMPLOYEE(AddOB.java:141)
at java.base/jdk.internal.reflect.DirectMethodHandleAccessor.invoke(DirectMethodHandleAccessor.java:104)
at java.base/java.lang.reflect.Method.invoke(Method.java:577)
at org.testng.internal.invokers.MethodInvocationHelper.invokeMethod(MethodInvocationHelper.java:139)
at org.testng.internal.invokers.TestInvoker.invokeMethod(TestInvoker.java:677)
at org.testng.internal.invokers.TestInvoker.invokeTestMethod(TestInvoker.java:221)
at org.testng.internal.invokers.MethodRunner.runInSequence(MethodRunner.java:50)
at org.testng.internal.invokers.TestInvoker$MethodInvocationAgent.invoke(TestInvoker.java:962)
at org.testng.internal.invokers.TestInvoker.invokeTestMethods(TestInvoker.java:194)
at org.testng.internal.invokers.TestMethodWorker.invokeTestMethods(TestMethodWorker.java:148)
at org.testng.internal.invokers.TestMethodWorker.run(TestMethodWorker.java:128)
at java.base/java.util.ArrayList.forEach(ArrayList.java:1511)
at org.testng.TestRunner.privateRun(TestRunner.java:806)
at org.testng.TestRunner.run(TestRunner.java:601)
at org.testng.SuiteRunner.runTest(SuiteRunner.java:433)
at org.testng.SuiteRunner.runSequentially(SuiteRunner.java:427)
at org.testng.SuiteRunner.privateRun(SuiteRunner.java:387)
at org.testng.SuiteRunner.run(SuiteRunner.java:330)
at org.testng.SuiteRunnerWorker.runSuite(SuiteRunnerWorker.java:52)
at org.testng.SuiteRunnerWorker.run(SuiteRunnerWorker.java:95)
at org.testng.TestNG.runSuitesSequentially(TestNG.java:1256)
at org.testng.TestNG.runSuitesLocally(TestNG.java:1176)
at org.testng.TestNG.runSuites(TestNG.java:1099)
at org.testng.TestNG.run(TestNG.java:1067)
at org.apache.maven.surefire.testng.TestNGExecutor.run(TestNGExecutor.java:295)
at org.apache.maven.surefire.testng.TestNGXmlTestSuite.execute(TestNGXmlTestSuite.java:84)
at org.apache.maven.surefire.testng.TestNGProvider.invoke(TestNGProvider.java:90)
at org.apache.maven.surefire.booter.ForkedBooter.invokeProviderInSameClassLoader(ForkedBooter.java:203)
at org.apache.maven.surefire.booter.ForkedBooter.runSuitesInProcess(ForkedBooter.java:155)
at org.apache.maven.surefire.booter.ForkedBooter.main(ForkedBooter.java:103)
]]>
            </full-stacktrace>
          </exception> <!-- org.openqa.selenium.NoSuchElementException -->
          <reporter-output>
          </reporter-output>
        </test-method> <!-- ADDINGEMPLOYEE -->
        <test-method is-config="true" signature="teardown(org.testng.ITestResult)[pri:0, instance:Onboard.AddOB@12e61fe6]" started-at="2022-09-01T20:20:03 IST" name="teardown" finished-at="2022-09-01T20:20:04 IST" duration-ms="295" status="PASS">
          <params>
            <param index="0">
              <value>
                <![CDATA[[TestResult name=ADDINGEMPLOYEE status=FAILURE method=AddOB.ADDINGEMPLOYEE()[pri:0, instance:Onboard.AddOB@12e61fe6] output={null}]]]>
              </value>
            </param>
          </params>
          <reporter-output>
          </reporter-output>
        </test-method> <!-- teardown -->
      </class> <!-- Onboard.AddOB -->
      <class name="Onboard.Loginpage">
        <test-method is-config="true" signature="Startbrowser()[pri:0, instance:Onboard.Loginpage@71b1176b]" started-at="2022-09-01T20:18:31 IST" name="Startbrowser" finished-at="2022-09-01T20:18:37 IST" duration-ms="6544" status="PASS">
          <reporter-output>
          </reporter-output>
        </test-method> <!-- Startbrowser -->
        <test-method is-config="true" signature="setextent()[pri:0, instance:Onboard.Loginpage@71b1176b]" started-at="2022-09-01T20:18:37 IST" name="setextent" finished-at="2022-09-01T20:18:37 IST" duration-ms="185" status="PASS">
          <reporter-output>
          </reporter-output>
        </test-method> <!-- setextent -->
        <test-method signature="LOGIN()[pri:1, instance:Onboard.Loginpage@71b1176b]" started-at="2022-09-01T20:18:37 IST" name="LOGIN" finished-at="2022-09-01T20:18:38 IST" duration-ms="380" status="PASS">
          <reporter-output>
          </reporter-output>
        </test-method> <!-- LOGIN -->
        <test-method is-config="true" signature="teardown(org.testng.ITestResult)[pri:0, instance:Onboard.Loginpage@71b1176b]" started-at="2022-09-01T20:18:38 IST" name="teardown" finished-at="2022-09-01T20:18:38 IST" duration-ms="8" status="PASS">
          <params>
            <param index="0">
              <value>
                <![CDATA[[TestResult name=LOGIN status=SUCCESS method=Loginpage.LOGIN()[pri:1, instance:Onboard.Loginpage@71b1176b] output={null}]]]>
              </value>
            </param>
          </params>
          <reporter-output>
          </reporter-output>
        </test-method> <!-- teardown -->
        <test-method is-config="true" signature="EndReport()[pri:0, instance:Onboard.Loginpage@71b1176b]" started-at="2022-09-01T20:20:04 IST" name="EndReport" finished-at="2022-09-01T20:20:04 IST" duration-ms="679" status="PASS">
          <reporter-output>
          </reporter-output>
        </test-method> <!-- EndReport -->
        <test-method is-config="true" signature="teardown()[pri:0, instance:Onboard.Loginpage@71b1176b]" started-at="2022-09-01T20:20:04 IST" name="teardown" finished-at="2022-09-01T20:20:05 IST" duration-ms="663" status="PASS">
          <reporter-output>
          </reporter-output>
        </test-method> <!-- teardown -->
      </class> <!-- Onboard.Loginpage -->
    </test> <!--  InitiateEmployees -->
  </suite> <!-- Onboarding -->
</testng-results>
